<?xml version="1.0" encoding="UTF-8"?>
<testsuite name="com.artjiang.helix.TouchpadDeciderTest" tests="8" skipped="0" failures="0" errors="0" timestamp="2026-08-20T07:39:12" hostname="artjiangs-M4-MaxPro.local" time="0.004">
  <properties/>
  <testcase name="with no answer the right pad triggers manual question detection" classname="com.artjiang.helix.TouchpadDeciderTest" time="0.001"/>
  <testcase name="with no answer the left pad pauses or resumes transcription" classname="com.artjiang.helix.TouchpadDeciderTest" time="0.001"/>
  <testcase name="evenAI start triggers manual detection from either side" classname="com.artjiang.helix.TouchpadDeciderTest" time="0.0"/>
  <testcase name="head gestures produce no app-shell effect" classname="com.artjiang.helix.TouchpadDeciderTest" time="0.001"/>
  <testcase name="evenAI record over stops listening" classname="com.artjiang.helix.TouchpadDeciderTest" time="0.0"/>
  <testcase name="with an answer on screen index 1 pages left and right" classname="com.artjiang.helix.TouchpadDeciderTest" time="0.0"/>
  <testcase name="index 0 clears the HUD" classname="com.artjiang.helix.TouchpadDeciderTest" time="0.0"/>
  <testcase name="unknown indices are ignored" classname="com.artjiang.helix.TouchpadDeciderTest" time="0.0"/>
  <system-out><![CDATA[]]></system-out>
  <system-err><![CDATA[]]></system-err>
</testsuite>
