<?xml version="1.0" encoding="UTF-8"?>
<testsuite name="com.artjiang.helix.ai.PromptBuilderTest" tests="10" skipped="0" failures="0" errors="0" timestamp="2026-08-20T07:39:12" hostname="artjiangs-M4-MaxPro.local" time="0.005">
  <properties/>
  <testcase name="interview mode asks for speakable STAR with measurable impact" classname="com.artjiang.helix.ai.PromptBuilderTest" time="0.003"/>
  <testcase name="user prompt carries question conversation context and knowledge" classname="com.artjiang.helix.ai.PromptBuilderTest" time="0.001"/>
  <testcase name="passive mode restricts output to facts corrections and context" classname="com.artjiang.helix.ai.PromptBuilderTest" time="0.0"/>
  <testcase name="sentence budget is clamped to the supported range" classname="com.artjiang.helix.ai.PromptBuilderTest" time="0.0"/>
  <testcase name="every mode bans meta phrasing" classname="com.artjiang.helix.ai.PromptBuilderTest" time="0.0"/>
  <testcase name="sentence budget is honored and pluralized" classname="com.artjiang.helix.ai.PromptBuilderTest" time="0.0"/>
  <testcase name="active skill prompt is carried into the system prompt" classname="com.artjiang.helix.ai.PromptBuilderTest" time="0.001"/>
  <testcase name="user prompt omits empty sections" classname="com.artjiang.helix.ai.PromptBuilderTest" time="0.0"/>
  <testcase name="style validator rejects meta phrasing" classname="com.artjiang.helix.ai.PromptBuilderTest" time="0.0"/>
  <testcase name="general mode is conversational and not STAR" classname="com.artjiang.helix.ai.PromptBuilderTest" time="0.0"/>
  <system-out><![CDATA[]]></system-out>
  <system-err><![CDATA[]]></system-err>
</testsuite>
