<?xml version="1.0" encoding="UTF-8"?>
<testsuite name="com.artjiang.helix.ai.DuplicateQuestionSuppressorTest" tests="7" skipped="0" failures="0" errors="0" timestamp="2026-08-20T07:39:12" hostname="artjiangs-M4-MaxPro.local" time="0.001">
  <properties/>
  <testcase name="hasSeen reflects recorded questions" classname="com.artjiang.helix.ai.DuplicateQuestionSuppressorTest" time="0.0"/>
  <testcase name="punctuation and casing differences normalize to the same key" classname="com.artjiang.helix.ai.DuplicateQuestionSuppressorTest" time="0.0"/>
  <testcase name="reset clears seen state" classname="com.artjiang.helix.ai.DuplicateQuestionSuppressorTest" time="0.0"/>
  <testcase name="punctuation only question is never marked new" classname="com.artjiang.helix.ai.DuplicateQuestionSuppressorTest" time="0.0"/>
  <testcase name="identical chinese questions are still suppressed" classname="com.artjiang.helix.ai.DuplicateQuestionSuppressorTest" time="0.0"/>
  <testcase name="distinct chinese questions are not collapsed" classname="com.artjiang.helix.ai.DuplicateQuestionSuppressorTest" time="0.0"/>
  <testcase name="identical questions are suppressed" classname="com.artjiang.helix.ai.DuplicateQuestionSuppressorTest" time="0.0"/>
  <system-out><![CDATA[]]></system-out>
  <system-err><![CDATA[]]></system-err>
</testsuite>
