<?xml version="1.0" encoding="UTF-8"?>
<testsuite name="com.artjiang.helix.ai.ProvidersTest" tests="20" skipped="0" failures="0" errors="0" timestamp="2026-08-20T07:39:12" hostname="artjiangs-M4-MaxPro.local" time="0.161">
  <properties/>
  <testcase name="openai provider posts correct path headers and body" classname="com.artjiang.helix.ai.ProvidersTest" time="0.124"/>
  <testcase name="factory builds an anthropic provider with the configured smart model" classname="com.artjiang.helix.ai.ProvidersTest" time="0.001"/>
  <testcase name="anthropic concatenates text blocks and skips non text blocks" classname="com.artjiang.helix.ai.ProvidersTest" time="0.004"/>
  <testcase name="factory builds openai compatible providers for the openai family" classname="com.artjiang.helix.ai.ProvidersTest" time="0.003"/>
  <testcase name="deterministic provider honors the dsa skill" classname="com.artjiang.helix.ai.ProvidersTest" time="0.001"/>
  <testcase name="deterministic provider answers an llm question with the transformer sentence" classname="com.artjiang.helix.ai.ProvidersTest" time="0.002"/>
  <testcase name="deterministic provider varies by mode" classname="com.artjiang.helix.ai.ProvidersTest" time="0.001"/>
  <testcase name="factory endpoints match the documented base urls" classname="com.artjiang.helix.ai.ProvidersTest" time="0.0"/>
  <testcase name="deterministic provider prefixes session memory and uses knowledge context" classname="com.artjiang.helix.ai.ProvidersTest" time="0.002"/>
  <testcase name="empty openai content maps to empty response exception" classname="com.artjiang.helix.ai.ProvidersTest" time="0.003"/>
  <testcase name="factory routes an unknown provider name to deterministic" classname="com.artjiang.helix.ai.ProvidersTest" time="0.0"/>
  <testcase name="factory treats a blank key as no key" classname="com.artjiang.helix.ai.ProvidersTest" time="0.0"/>
  <testcase name="anthropic default model is a valid id" classname="com.artjiang.helix.ai.ProvidersTest" time="0.0"/>
  <testcase name="missing key throws before any network call" classname="com.artjiang.helix.ai.ProvidersTest" time="0.001"/>
  <testcase name="openai compatible base carries provider kind for deepseek" classname="com.artjiang.helix.ai.ProvidersTest" time="0.004"/>
  <testcase name="interview mode system prompt reaches the wire" classname="com.artjiang.helix.ai.ProvidersTest" time="0.004"/>
  <testcase name="anthropic http error maps to typed exception" classname="com.artjiang.helix.ai.ProvidersTest" time="0.003"/>
  <testcase name="openai http error maps to typed exception with status and body" classname="com.artjiang.helix.ai.ProvidersTest" time="0.003"/>
  <testcase name="anthropic provider posts messages with required headers and max_tokens" classname="com.artjiang.helix.ai.ProvidersTest" time="0.004"/>
  <testcase name="factory falls back to deterministic without a key" classname="com.artjiang.helix.ai.ProvidersTest" time="0.0"/>
  <system-out><![CDATA[]]></system-out>
  <system-err><![CDATA[]]></system-err>
</testsuite>
