<?xml version="1.0" encoding="UTF-8"?>
<testsuite name="com.artjiang.helix.ble.G1NameParsingTest" tests="7" skipped="0" failures="0" errors="0" timestamp="2026-08-20T07:39:13" hostname="artjiangs-M4-MaxPro.local" time="0.001">
  <properties/>
  <testcase name="falls back to a non-numeric neighbour when no digits are present" classname="com.artjiang.helix.ble.G1NameParsingTest" time="0.001"/>
  <testcase name="falls back to the numeric neighbour after the side token" classname="com.artjiang.helix.ble.G1NameParsingTest" time="0.0"/>
  <testcase name="parses the standard Even G1 advert name" classname="com.artjiang.helix.ble.G1NameParsingTest" time="0.0"/>
  <testcase name="parses the right lens" classname="com.artjiang.helix.ble.G1NameParsingTest" time="0.0"/>
  <testcase name="both lenses of a pair resolve to the same channel" classname="com.artjiang.helix.ble.G1NameParsingTest" time="0.0"/>
  <testcase name="prefers a numeric neighbour before the side token" classname="com.artjiang.helix.ble.G1NameParsingTest" time="0.0"/>
  <testcase name="rejects names with no side token" classname="com.artjiang.helix.ble.G1NameParsingTest" time="0.0"/>
  <system-out><![CDATA[]]></system-out>
  <system-err><![CDATA[]]></system-err>
</testsuite>
