<?xml version="1.0" encoding="UTF-8"?>
<testsuite name="com.artjiang.helix.ai.QuestionDetectorTest" tests="11" skipped="0" failures="0" errors="0" timestamp="2026-08-20T07:39:13" hostname="artjiangs-M4-MaxPro.local" time="0.001">
  <properties/>
  <testcase name="terminal punctuation is preserved when splitting mixed sentences" classname="com.artjiang.helix.ai.QuestionDetectorTest" time="0.0"/>
  <testcase name="full width question mark is detected" classname="com.artjiang.helix.ai.QuestionDetectorTest" time="0.0"/>
  <testcase name="chinese ma particle without punctuation is detected" classname="com.artjiang.helix.ai.QuestionDetectorTest" time="0.0"/>
  <testcase name="multiple questions in one transcript are all returned" classname="com.artjiang.helix.ai.QuestionDetectorTest" time="0.0"/>
  <testcase name="blank transcript yields nothing" classname="com.artjiang.helix.ai.QuestionDetectorTest" time="0.0"/>
  <testcase name="chinese ne particle is detected" classname="com.artjiang.helix.ai.QuestionDetectorTest" time="0.001"/>
  <testcase name="quoted question still counts" classname="com.artjiang.helix.ai.QuestionDetectorTest" time="0.0"/>
  <testcase name="english interrogative prefix without punctuation is lower confidence" classname="com.artjiang.helix.ai.QuestionDetectorTest" time="0.0"/>
  <testcase name="statements are not detected" classname="com.artjiang.helix.ai.QuestionDetectorTest" time="0.0"/>
  <testcase name="statement containing an interrogative word mid sentence is not detected" classname="com.artjiang.helix.ai.QuestionDetectorTest" time="0.0"/>
  <testcase name="single word question with punctuation is detected at high confidence" classname="com.artjiang.helix.ai.QuestionDetectorTest" time="0.0"/>
  <system-out><![CDATA[]]></system-out>
  <system-err><![CDATA[]]></system-err>
</testsuite>
